<?xml version="1.0" encoding="UTF-8"?>
<!-- Generated by org.testng.reporters.JUnitReportReporter -->
<testsuite hostname="DESKTOP-3PKNHUN" failures="0" tests="1" name="com.TimeAndFees.RunnerFiles.TimeAndFees_AccountMenu_Runner" time="51.126" errors="0" timestamp="2025-09-01T11:20:54 IST" skipped="0">
  <testcase classname="com.TimeAndFees.RunnerFiles.TimeAndFees_AccountMenu_Runner" name="runScenario" time="51.126"/>
</testsuite> <!-- com.TimeAndFees.RunnerFiles.TimeAndFees_AccountMenu_Runner -->
