<?xml version="1.0" encoding="UTF-8"?>
<!-- Generated by org.testng.reporters.JUnitReportReporter -->
<testsuite hostname="DESKTOP-3PKNHUN" failures="0" tests="1" name="com.TimeAndFees.RunnerFiles.TimeAndFees_Login_Runner" time="65.366" errors="0" timestamp="2025-09-04T16:51:25 IST" skipped="0">
  <testcase classname="com.TimeAndFees.RunnerFiles.TimeAndFees_Login_Runner" name="runScenario" time="65.366"/>
</testsuite> <!-- com.TimeAndFees.RunnerFiles.TimeAndFees_Login_Runner -->
